INFO 2025-05-25 22:03:38,596 autoreload 3996 8932 Watching for file changes with StatReloader
INFO 2025-05-25 22:03:51,988 basehttp 3996 16256 "OPTIONS /token/ HTTP/1.1" 200 0
WARNING 2025-05-25 22:03:53,408 log 3996 2864 Unauthorized: /token/
WARNING 2025-05-25 22:03:53,408 basehttp 3996 2864 "POST /token/ HTTP/1.1" 401 63
WARNING 2025-05-25 22:03:54,997 log 3996 2864 Unauthorized: /token/
WARNING 2025-05-25 22:03:54,997 basehttp 3996 2864 "POST /token/ HTTP/1.1" 401 63
INFO 2025-05-25 22:04:11,334 basehttp 3996 2864 "POST /token/ HTTP/1.1" 200 527
INFO 2025-05-25 22:04:11,499 basehttp 3996 16256 "OPTIONS /api/users/ HTTP/1.1" 200 0
INFO 2025-05-25 22:04:11,513 basehttp 3996 16256 "GET /api/users/ HTTP/1.1" 200 1519
INFO 2025-05-25 22:04:11,528 basehttp 3996 16256 "OPTIONS /api/profile/1/ HTTP/1.1" 200 0
INFO 2025-05-25 22:04:11,536 basehttp 3996 16256 "GET /api/profile/1/ HTTP/1.1" 200 426
INFO 2025-05-25 22:04:11,541 basehttp 3996 16256 "OPTIONS /api/tasks/?user_id=1 HTTP/1.1" 200 0
INFO 2025-05-25 22:04:11,545 basehttp 3996 16256 "GET /api/tasks/?user_id=1 HTTP/1.1" 200 2
INFO 2025-05-25 22:04:11,553 basehttp 3996 16256 "OPTIONS /projects/ HTTP/1.1" 200 0
INFO 2025-05-25 22:04:11,558 basehttp 3996 16256 "GET /projects/ HTTP/1.1" 200 2
WARNING 2025-05-25 22:04:11,601 log 3996 2864 Not Found: /media/profile_photos/DSC_0726_uM16ajZ_OUJFFX9_evOi8JX.JPG
WARNING 2025-05-25 22:04:11,601 basehttp 3996 2864 "GET /media/profile_photos/DSC_0726_uM16ajZ_OUJFFX9_evOi8JX.JPG HTTP/1.1" 404 5492
INFO 2025-05-25 22:04:16,539 views 3996 16256 Начало обновления профиля для пользователя 1
INFO 2025-05-25 22:04:16,548 views 3996 16256 Полученные данные: <QueryDict: {'status': ['Председатель'], 'commission': ['По работе с наставниками'], 'date_of_birth': ['2005-06-21'], 'number_phone': ['+73434561222'], 'email': ['maksifmkfff@gmail.om'], 'adress': ['Фонвизина 8 а'], 'profile_photo': [<InMemoryUploadedFile: фото 2.jpg (image/jpeg)>]}>
INFO 2025-05-25 22:04:16,549 views 3996 16256 Полученные файлы: <MultiValueDict: {'profile_photo': [<InMemoryUploadedFile: фото 2.jpg (image/jpeg)>]}>
INFO 2025-05-25 22:04:16,551 views 3996 16256 Найден профиль: maksi
INFO 2025-05-25 22:04:16,551 views 3996 16256 Путь к фото из запроса: None
INFO 2025-05-25 22:04:17,002 views 3996 16256 Профиль успешно обновлен: {'id': 1, 'user': 1, 'full_name': 'Максим Кисляков Вячеславович', 'date_of_birth': '2005-06-21', 'commission': 'По работе с наставниками', 'profile_photo': '/media/profile_photos/%D1%84%D0%BE%D1%82%D0%BE_2.jpg', 'access_level': 3, 'status': 'Председатель', 'number_phone': '+73434561222', 'email': 'maksifmkfff@gmail.om', 'adress': 'Фонвизина 8 а'}
INFO 2025-05-25 22:04:17,002 basehttp 3996 16256 "PUT /api/profile/1/ HTTP/1.1" 200 396
INFO 2025-05-25 22:04:17,088 basehttp 3996 16640 "GET /media/profile_photos/%D1%84%D0%BE%D1%82%D0%BE_2.jpg HTTP/1.1" 200 2398346
INFO 2025-05-25 22:04:20,863 basehttp 3996 16256 "OPTIONS /api/events/ HTTP/1.1" 200 0
INFO 2025-05-25 22:04:20,868 basehttp 3996 16256 "GET /api/events/ HTTP/1.1" 200 2
INFO 2025-05-25 22:04:20,878 basehttp 3996 16256 "GET /api/users/ HTTP/1.1" 200 1513
INFO 2025-05-25 22:04:26,368 basehttp 3996 16256 "POST /api/events/ HTTP/1.1" 201 149
INFO 2025-05-25 22:04:26,375 basehttp 3996 16256 "GET /api/events/ HTTP/1.1" 200 151
INFO 2025-05-25 22:04:27,102 basehttp 3996 16256 "OPTIONS /api/event/1/ HTTP/1.1" 200 0
INFO 2025-05-25 22:04:27,110 basehttp 3996 16256 "GET /api/event/1/ HTTP/1.1" 200 149
INFO 2025-05-25 22:04:27,120 basehttp 3996 16256 "GET /api/users/ HTTP/1.1" 200 1513
INFO 2025-05-25 22:04:27,127 basehttp 3996 16256 "GET /projects/ HTTP/1.1" 200 2
INFO 2025-05-25 22:04:49,112 basehttp 3996 16256 "OPTIONS /projects/create/ HTTP/1.1" 200 0
INFO 2025-05-25 22:04:49,151 basehttp 3996 16256 "POST /projects/create/ HTTP/1.1" 201 156
INFO 2025-05-25 22:04:49,158 basehttp 3996 16256 "GET /projects/ HTTP/1.1" 200 158
INFO 2025-05-25 22:04:50,100 basehttp 3996 16256 "GET /api/event/1/ HTTP/1.1" 200 150
INFO 2025-05-25 22:04:50,107 basehttp 3996 16256 "OPTIONS /projects/1/ HTTP/1.1" 200 0
INFO 2025-05-25 22:04:50,114 basehttp 3996 16256 "GET /projects/1/ HTTP/1.1" 200 156
INFO 2025-05-25 22:04:53,737 basehttp 3996 16256 "OPTIONS /projects/1/create_google_service/ HTTP/1.1" 200 0
INFO 2025-05-25 22:04:58,260 basehttp 3996 16256 "POST /projects/1/create_google_service/ HTTP/1.1" 201 215
INFO 2025-05-25 22:04:58,270 basehttp 3996 16256 "GET /projects/1/ HTTP/1.1" 200 371
INFO 2025-05-25 22:05:00,858 basehttp 3996 16256 "OPTIONS /api/project_file/1/ HTTP/1.1" 200 0
WARNING 2025-05-25 22:05:00,864 log 3996 16256 Not Found: /api/project_file/1/
WARNING 2025-05-25 22:05:00,864 basehttp 3996 16256 "DELETE /api/project_file/1/ HTTP/1.1" 404 5295
WARNING 2025-05-25 22:05:32,487 log 3996 1388 Not Found: /
WARNING 2025-05-25 22:05:32,488 basehttp 3996 1388 "GET / HTTP/1.1" 404 5217
WARNING 2025-05-25 22:05:32,742 log 3996 1388 Not Found: /
WARNING 2025-05-25 22:05:32,743 basehttp 3996 1388 "GET / HTTP/1.1" 404 5217
WARNING 2025-05-25 22:05:32,918 log 3996 1388 Not Found: /favicon.ico
WARNING 2025-05-25 22:05:32,919 basehttp 3996 1388 "GET /favicon.ico HTTP/1.1" 404 5268
INFO 2025-05-25 22:05:39,575 basehttp 3996 1388 "GET /projects HTTP/1.1" 301 0
INFO 2025-05-25 22:05:39,719 basehttp 3996 3752 "GET /projects/ HTTP/1.1" 200 10999
INFO 2025-05-25 22:05:39,743 basehttp 3996 20024 "GET /static/rest_framework/css/prettify.css HTTP/1.1" 200 817
INFO 2025-05-25 22:05:39,746 basehttp 3996 9140 "GET /static/rest_framework/css/default.css HTTP/1.1" 200 1152
INFO 2025-05-25 22:05:39,746 basehttp 3996 8160 "GET /static/rest_framework/css/bootstrap-tweaks.css HTTP/1.1" 200 3426
INFO 2025-05-25 22:05:39,749 basehttp 3996 3752 "GET /static/rest_framework/css/bootstrap.min.css HTTP/1.1" 200 121457
INFO 2025-05-25 22:05:39,757 basehttp 3996 10776 "GET /static/rest_framework/js/ajax-form.js HTTP/1.1" 200 3796
INFO 2025-05-25 22:05:39,768 basehttp 3996 20024 "GET /static/rest_framework/js/csrf.js HTTP/1.1" 200 1793
INFO 2025-05-25 22:05:39,785 basehttp 3996 1284 "GET /static/rest_framework/js/jquery-3.7.1.min.js HTTP/1.1" 200 87533
INFO 2025-05-25 22:05:39,791 basehttp 3996 20024 "GET /static/rest_framework/js/load-ajax-form.js HTTP/1.1" 200 59
INFO 2025-05-25 22:05:39,797 basehttp 3996 10776 "GET /static/rest_framework/js/default.js HTTP/1.1" 200 1268
INFO 2025-05-25 22:05:39,805 basehttp 3996 9140 "GET /static/rest_framework/js/prettify-min.js HTTP/1.1" 200 13632
INFO 2025-05-25 22:05:39,811 basehttp 3996 8160 "GET /static/rest_framework/js/bootstrap.min.js HTTP/1.1" 200 39680
INFO 2025-05-25 22:05:39,819 basehttp 3996 8160 "GET /static/rest_framework/img/grid.png HTTP/1.1" 200 1458
WARNING 2025-05-25 22:05:45,044 log 3996 8160 Not Found: /projects/19/
WARNING 2025-05-25 22:05:45,045 basehttp 3996 8160 "GET /projects/19/ HTTP/1.1" 404 11363
INFO 2025-05-25 22:05:47,586 basehttp 3996 8160 "GET /projects/ HTTP/1.1" 200 10999
INFO 2025-05-25 22:05:50,288 basehttp 3996 8160 "GET /projects/123123 HTTP/1.1" 301 0
WARNING 2025-05-25 22:05:50,298 log 3996 9140 Not Found: /projects/123123/
WARNING 2025-05-25 22:05:50,299 basehttp 3996 9140 "GET /projects/123123/ HTTP/1.1" 404 11391
WARNING 2025-05-25 22:05:52,520 log 3996 9140 Not Found: /projectss/123123/
WARNING 2025-05-25 22:05:52,521 basehttp 3996 9140 "GET /projectss/123123/ HTTP/1.1" 404 5286
WARNING 2025-05-25 22:05:57,097 log 3996 9140 Not Found: /projects/s
WARNING 2025-05-25 22:05:57,097 basehttp 3996 9140 "GET /projects/s HTTP/1.1" 404 6245
INFO 2025-05-25 22:07:46,664 autoreload 3996 8932 D:\Codes\ProjectPrac\backend\djsite\project\google_api.py changed, reloading.
INFO 2025-05-25 22:07:55,087 autoreload 14384 11140 Watching for file changes with StatReloader
INFO 2025-05-25 22:08:20,490 basehttp 14384 6536 "GET /api/event/1/ HTTP/1.1" 200 150
INFO 2025-05-25 22:08:20,501 basehttp 14384 6536 "GET /projects/1/ HTTP/1.1" 200 371
WARNING 2025-05-25 22:08:21,809 log 14384 6536 Not Found: /api/project_file/1/
WARNING 2025-05-25 22:08:21,809 basehttp 14384 6536 "DELETE /api/project_file/1/ HTTP/1.1" 404 5295
INFO 2025-05-25 22:08:29,878 basehttp 14384 6536 "GET /api/users/ HTTP/1.1" 200 1513
INFO 2025-05-25 22:08:29,895 basehttp 14384 6536 "GET /api/profile/1/ HTTP/1.1" 200 570
INFO 2025-05-25 22:08:29,901 basehttp 14384 6536 "GET /api/tasks/?user_id=1 HTTP/1.1" 200 2
INFO 2025-05-25 22:08:29,909 basehttp 14384 6536 "GET /projects/ HTTP/1.1" 200 373
INFO 2025-05-25 22:08:30,229 basehttp 14384 9748 "GET /media/profile_photos/%D1%84%D0%BE%D1%82%D0%BE_2.jpg HTTP/1.1" 304 0
WARNING 2025-05-25 22:11:34,984 log 14384 21704 Not Found: /projects/s
WARNING 2025-05-25 22:11:34,985 basehttp 14384 21704 "GET /projects/s HTTP/1.1" 404 6245
INFO 2025-05-25 22:11:36,558 basehttp 14384 6536 "GET /api/users/ HTTP/1.1" 200 1513
INFO 2025-05-25 22:11:36,573 basehttp 14384 6536 "GET /api/profile/1/ HTTP/1.1" 200 570
INFO 2025-05-25 22:11:36,581 basehttp 14384 6536 "GET /api/tasks/?user_id=1 HTTP/1.1" 200 2
INFO 2025-05-25 22:11:36,589 basehttp 14384 6536 "GET /projects/ HTTP/1.1" 200 373
INFO 2025-05-25 22:11:36,596 basehttp 14384 9748 "GET /media/profile_photos/%D1%84%D0%BE%D1%82%D0%BE_2.jpg HTTP/1.1" 304 0
INFO 2025-05-25 22:11:38,138 basehttp 14384 6536 "GET /api/event/1/ HTTP/1.1" 200 150
INFO 2025-05-25 22:11:38,146 basehttp 14384 6536 "GET /api/users/ HTTP/1.1" 200 1513
INFO 2025-05-25 22:11:38,155 basehttp 14384 6536 "GET /projects/ HTTP/1.1" 200 373
INFO 2025-05-25 22:11:39,470 basehttp 14384 6536 "GET /api/event/1/ HTTP/1.1" 200 150
INFO 2025-05-25 22:11:39,483 basehttp 14384 6536 "GET /projects/1/ HTTP/1.1" 200 371
WARNING 2025-05-25 22:11:41,615 log 14384 6536 Not Found: /api/project_file/1/
WARNING 2025-05-25 22:11:41,616 basehttp 14384 6536 "DELETE /api/project_file/1/ HTTP/1.1" 404 5295
INFO 2025-05-25 22:12:14,038 autoreload 14384 11140 D:\Codes\ProjectPrac\backend\djsite\project\urls.py changed, reloading.
INFO 2025-05-25 22:12:15,053 autoreload 11916 16468 Watching for file changes with StatReloader
INFO 2025-05-25 22:12:20,300 autoreload 11916 16468 D:\Codes\ProjectPrac\backend\djsite\project\views.py changed, reloading.
INFO 2025-05-25 22:12:21,313 autoreload 13196 13504 Watching for file changes with StatReloader
INFO 2025-05-25 22:12:27,185 basehttp 13196 9820 "GET /api/event/1/ HTTP/1.1" 200 150
INFO 2025-05-25 22:12:27,197 basehttp 13196 9820 "GET /projects/1/ HTTP/1.1" 200 371
WARNING 2025-05-25 22:12:28,668 log 13196 9820 Not Found: /api/project_file/1/
WARNING 2025-05-25 22:12:28,669 basehttp 13196 9820 "DELETE /api/project_file/1/ HTTP/1.1" 404 5295
WARNING 2025-05-25 22:12:35,846 log 13196 8936 Not Found: /api/project_file/1/
WARNING 2025-05-25 22:12:35,846 basehttp 13196 8936 "GET /api/project_file/1/ HTTP/1.1" 404 5292
WARNING 2025-05-25 22:12:36,021 log 13196 8936 Not Found: /favicon.ico
WARNING 2025-05-25 22:12:36,022 basehttp 13196 8936 "GET /favicon.ico HTTP/1.1" 404 5268
INFO 2025-05-25 22:13:17,369 basehttp 13196 9820 "GET /api/event/1/ HTTP/1.1" 200 150
INFO 2025-05-25 22:13:17,378 basehttp 13196 9820 "GET /projects/1/ HTTP/1.1" 200 371
INFO 2025-05-25 22:13:22,601 basehttp 13196 9820 "GET /api/event/1/ HTTP/1.1" 200 150
INFO 2025-05-25 22:13:22,611 basehttp 13196 9820 "GET /projects/1/ HTTP/1.1" 200 371
INFO 2025-05-25 22:13:24,378 basehttp 13196 9820 "OPTIONS /projects/project_file/1/ HTTP/1.1" 200 0
INFO 2025-05-25 22:13:26,270 basehttp 13196 9820 "DELETE /projects/project_file/1/ HTTP/1.1" 204 0
INFO 2025-05-25 22:13:26,278 basehttp 13196 9820 "GET /projects/1/ HTTP/1.1" 200 156
INFO 2025-05-25 22:16:16,940 autoreload 14636 19028 Watching for file changes with StatReloader
INFO 2025-05-25 22:17:01,592 basehttp 14636 17060 "POST /token/ HTTP/1.1" 200 527
INFO 2025-05-25 22:17:02,110 basehttp 14636 16736 "GET /api/users/ HTTP/1.1" 200 1513
INFO 2025-05-25 22:17:02,122 basehttp 14636 16736 "GET /api/profile/1/ HTTP/1.1" 200 570
INFO 2025-05-25 22:17:02,128 basehttp 14636 16736 "GET /api/tasks/?user_id=1 HTTP/1.1" 200 2
INFO 2025-05-25 22:17:02,139 basehttp 14636 16736 "GET /projects/ HTTP/1.1" 200 158
INFO 2025-05-25 22:17:02,153 basehttp 14636 17060 "GET /media/profile_photos/%D1%84%D0%BE%D1%82%D0%BE_2.jpg HTTP/1.1" 304 0
INFO 2025-05-25 22:17:03,420 basehttp 14636 16736 "GET /api/event/1/ HTTP/1.1" 200 150
INFO 2025-05-25 22:17:03,428 basehttp 14636 16736 "GET /api/users/ HTTP/1.1" 200 1513
INFO 2025-05-25 22:17:03,439 basehttp 14636 16736 "GET /projects/ HTTP/1.1" 200 158
INFO 2025-05-25 22:17:06,030 basehttp 14636 16736 "GET /api/event/1/ HTTP/1.1" 200 150
INFO 2025-05-25 22:17:06,043 basehttp 14636 16736 "GET /projects/1/ HTTP/1.1" 200 156
INFO 2025-05-25 22:17:14,838 basehttp 14636 16736 "POST /projects/1/create_google_service/ HTTP/1.1" 201 210
INFO 2025-05-25 22:17:14,849 basehttp 14636 16736 "GET /projects/1/ HTTP/1.1" 200 366
INFO 2025-05-25 22:17:17,550 basehttp 14636 16736 "OPTIONS /projects/project_file/2/ HTTP/1.1" 200 0
INFO 2025-05-25 22:17:18,694 basehttp 14636 16736 "DELETE /projects/project_file/2/ HTTP/1.1" 204 0
INFO 2025-05-25 22:17:18,701 basehttp 14636 16736 "GET /projects/1/ HTTP/1.1" 200 156
INFO 2025-05-25 22:18:11,013 basehttp 14636 16736 "POST /projects/1/create_google_service/ HTTP/1.1" 201 223
INFO 2025-05-25 22:18:11,027 basehttp 14636 16736 "GET /projects/1/ HTTP/1.1" 200 379
INFO 2025-05-25 22:18:22,420 basehttp 14636 16736 "POST /projects/1/create_google_service/ HTTP/1.1" 201 223
INFO 2025-05-25 22:18:22,432 basehttp 14636 16736 "GET /projects/1/ HTTP/1.1" 200 603
INFO 2025-05-25 22:18:35,780 basehttp 14636 16736 "POST /projects/1/create_google_service/ HTTP/1.1" 201 239
INFO 2025-05-25 22:18:35,792 basehttp 14636 16736 "GET /projects/1/ HTTP/1.1" 200 843
INFO 2025-05-25 22:18:43,315 basehttp 14636 16736 "GET /api/users/ HTTP/1.1" 200 1513
INFO 2025-05-25 22:18:43,326 basehttp 14636 16736 "GET /api/profile/1/ HTTP/1.1" 200 570
INFO 2025-05-25 22:18:43,333 basehttp 14636 16736 "GET /api/tasks/?user_id=1 HTTP/1.1" 200 2
INFO 2025-05-25 22:18:43,339 basehttp 14636 16736 "GET /projects/ HTTP/1.1" 200 845
INFO 2025-05-25 22:18:43,343 basehttp 14636 17060 "GET /media/profile_photos/%D1%84%D0%BE%D1%82%D0%BE_2.jpg HTTP/1.1" 304 0
INFO 2025-05-25 22:18:55,497 basehttp 14636 16736 "GET /api/users/ HTTP/1.1" 200 1513
WARNING 2025-05-25 22:18:55,518 log 14636 17060 Not Found: /media/None
WARNING 2025-05-25 22:18:55,519 basehttp 14636 17060 "GET /media/None HTTP/1.1" 404 5304
INFO 2025-05-25 22:18:56,717 basehttp 14636 16736 "GET /api/events/ HTTP/1.1" 200 152
INFO 2025-05-25 22:18:56,729 basehttp 14636 16736 "GET /api/users/ HTTP/1.1" 200 1513
INFO 2025-05-25 22:18:57,862 basehttp 14636 16736 "GET /api/event/1/ HTTP/1.1" 200 150
INFO 2025-05-25 22:18:57,872 basehttp 14636 16736 "GET /api/users/ HTTP/1.1" 200 1513
INFO 2025-05-25 22:18:57,880 basehttp 14636 16736 "GET /projects/ HTTP/1.1" 200 845
INFO 2025-05-25 22:18:59,118 basehttp 14636 16736 "GET /api/event/1/ HTTP/1.1" 200 150
INFO 2025-05-25 22:18:59,130 basehttp 14636 16736 "GET /projects/1/ HTTP/1.1" 200 843
INFO 2025-05-25 22:20:40,454 basehttp 14636 16736 "GET /api/users/ HTTP/1.1" 200 1513
INFO 2025-05-25 22:20:40,472 basehttp 14636 16736 "GET /api/profile/1/ HTTP/1.1" 200 570
INFO 2025-05-25 22:20:40,478 basehttp 14636 16736 "GET /api/tasks/?user_id=1 HTTP/1.1" 200 2
INFO 2025-05-25 22:20:40,486 basehttp 14636 16736 "GET /projects/ HTTP/1.1" 200 845
INFO 2025-05-25 22:20:44,518 basehttp 14636 16736 "GET /api/users/ HTTP/1.1" 200 1513
WARNING 2025-05-25 22:20:44,848 log 14636 9188 Not Found: /media/None
WARNING 2025-05-25 22:20:44,848 basehttp 14636 9188 "GET /media/None HTTP/1.1" 404 5304
INFO 2025-05-25 22:20:46,790 basehttp 14636 16736 "GET /api/events/ HTTP/1.1" 200 152
INFO 2025-05-25 22:20:49,049 basehttp 14636 16736 "GET /api/events/ HTTP/1.1" 200 152
INFO 2025-05-25 22:20:56,114 basehttp 14636 16736 "GET /api/event/1/ HTTP/1.1" 200 150
INFO 2025-05-25 22:20:56,125 basehttp 14636 16736 "GET /api/users/ HTTP/1.1" 200 1513
INFO 2025-05-25 22:20:56,135 basehttp 14636 16736 "GET /projects/ HTTP/1.1" 200 845
INFO 2025-05-25 22:20:57,456 basehttp 14636 16736 "GET /api/users/ HTTP/1.1" 200 1513
WARNING 2025-05-25 22:20:57,465 log 14636 5928 Not Found: /media/None
WARNING 2025-05-25 22:20:57,466 basehttp 14636 5928 "GET /media/None HTTP/1.1" 404 5304
INFO 2025-05-25 22:20:57,959 basehttp 14636 16736 "GET /api/events/ HTTP/1.1" 200 152
INFO 2025-05-25 22:20:59,770 basehttp 14636 16736 "GET /api/event/1/ HTTP/1.1" 200 150
INFO 2025-05-25 22:20:59,783 basehttp 14636 16736 "GET /api/users/ HTTP/1.1" 200 1513
INFO 2025-05-25 22:20:59,792 basehttp 14636 16736 "GET /projects/ HTTP/1.1" 200 845
INFO 2025-05-25 22:21:03,920 basehttp 14636 16736 "GET /api/events/ HTTP/1.1" 200 152
INFO 2025-05-25 22:21:05,313 basehttp 14636 16736 "GET /api/events/ HTTP/1.1" 200 152
INFO 2025-05-25 22:21:06,005 basehttp 14636 16736 "GET /api/event/1/ HTTP/1.1" 200 150
INFO 2025-05-25 22:21:06,011 basehttp 14636 16736 "GET /api/users/ HTTP/1.1" 200 1513
INFO 2025-05-25 22:21:06,019 basehttp 14636 16736 "GET /projects/ HTTP/1.1" 200 845
INFO 2025-05-25 22:21:10,696 basehttp 14636 16736 "PUT /api/event/1/ HTTP/1.1" 200 150
INFO 2025-05-25 22:21:12,123 basehttp 14636 16736 "PUT /api/event/1/ HTTP/1.1" 200 149
INFO 2025-05-25 22:21:13,055 basehttp 14636 16736 "PUT /api/event/1/ HTTP/1.1" 200 150
INFO 2025-05-25 22:21:13,508 basehttp 14636 16736 "PUT /api/event/1/ HTTP/1.1" 200 149
INFO 2025-05-25 22:21:15,232 basehttp 14636 16736 "PUT /api/event/1/ HTTP/1.1" 200 150
INFO 2025-05-25 22:21:16,375 basehttp 14636 16736 "PUT /api/event/1/ HTTP/1.1" 200 149
INFO 2025-05-25 22:21:16,789 basehttp 14636 16736 "PUT /api/event/1/ HTTP/1.1" 200 150
INFO 2025-05-25 22:21:17,150 basehttp 14636 16736 "PUT /api/event/1/ HTTP/1.1" 200 149
INFO 2025-05-25 22:21:17,830 basehttp 14636 16736 "PUT /api/event/1/ HTTP/1.1" 200 150
INFO 2025-05-25 22:21:18,519 basehttp 14636 16736 "PUT /api/event/1/ HTTP/1.1" 200 149
INFO 2025-05-25 22:21:20,237 basehttp 14636 16736 "PUT /api/event/1/ HTTP/1.1" 200 150
INFO 2025-05-25 22:21:20,790 basehttp 14636 16736 "PUT /api/event/1/ HTTP/1.1" 200 149
INFO 2025-05-25 22:21:22,105 basehttp 14636 16736 "GET /api/event/1/ HTTP/1.1" 200 149
INFO 2025-05-25 22:21:22,118 basehttp 14636 16736 "GET /api/users/ HTTP/1.1" 200 1513
INFO 2025-05-25 22:21:22,128 basehttp 14636 16736 "GET /projects/ HTTP/1.1" 200 845
INFO 2025-05-25 22:21:22,878 basehttp 14636 16736 "PUT /api/event/1/ HTTP/1.1" 200 150
INFO 2025-05-25 22:21:24,055 basehttp 14636 16736 "GET /api/event/1/ HTTP/1.1" 200 150
INFO 2025-05-25 22:21:24,062 basehttp 14636 16736 "GET /api/users/ HTTP/1.1" 200 1513
INFO 2025-05-25 22:21:24,071 basehttp 14636 16736 "GET /projects/ HTTP/1.1" 200 845
INFO 2025-05-25 22:22:05,082 basehttp 14636 16736 "GET /api/events/ HTTP/1.1" 200 152
INFO 2025-05-25 22:22:05,088 basehttp 14636 16736 "GET /api/users/ HTTP/1.1" 200 1513
INFO 2025-05-25 22:22:07,238 basehttp 14636 16736 "GET /api/events/ HTTP/1.1" 200 152
INFO 2025-05-25 22:22:07,248 basehttp 14636 16736 "GET /api/users/ HTTP/1.1" 200 1513
INFO 2025-05-25 22:22:07,846 basehttp 14636 16736 "GET /api/events/ HTTP/1.1" 200 152
INFO 2025-05-25 22:22:08,710 basehttp 14636 16736 "GET /api/events/ HTTP/1.1" 200 152
INFO 2025-05-25 22:22:08,722 basehttp 14636 16736 "GET /api/users/ HTTP/1.1" 200 1513
INFO 2025-05-25 22:22:09,033 basehttp 14636 16736 "GET /api/events/ HTTP/1.1" 200 152
INFO 2025-05-25 22:22:09,040 basehttp 14636 16736 "GET /api/users/ HTTP/1.1" 200 1513
INFO 2025-05-25 22:22:09,847 basehttp 14636 16736 "GET /api/events/ HTTP/1.1" 200 152
INFO 2025-05-25 22:22:09,858 basehttp 14636 16736 "GET /api/users/ HTTP/1.1" 200 1513
INFO 2025-05-25 22:22:10,321 basehttp 14636 16736 "GET /api/events/ HTTP/1.1" 200 152
INFO 2025-05-25 22:22:10,333 basehttp 14636 16736 "GET /api/users/ HTTP/1.1" 200 1513
INFO 2025-05-25 22:22:16,172 basehttp 14636 16736 "GET /api/events/ HTTP/1.1" 200 152
INFO 2025-05-25 22:22:16,179 basehttp 14636 16736 "GET /api/users/ HTTP/1.1" 200 1513
INFO 2025-05-25 22:22:16,654 basehttp 14636 16736 "GET /api/events/ HTTP/1.1" 200 152
INFO 2025-05-25 22:22:16,665 basehttp 14636 16736 "GET /api/users/ HTTP/1.1" 200 1513
INFO 2025-05-25 22:22:19,141 basehttp 14636 16736 "GET /api/event/1/ HTTP/1.1" 200 150
INFO 2025-05-25 22:22:19,156 basehttp 14636 16736 "GET /api/users/ HTTP/1.1" 200 1513
INFO 2025-05-25 22:22:19,164 basehttp 14636 16736 "GET /projects/ HTTP/1.1" 200 845
INFO 2025-05-25 22:22:51,920 basehttp 14636 9304 "POST /token/ HTTP/1.1" 200 527
INFO 2025-05-25 22:22:52,345 basehttp 14636 16736 "GET /api/users/ HTTP/1.1" 200 1513
INFO 2025-05-25 22:22:52,356 basehttp 14636 16736 "OPTIONS /api/profile/2/ HTTP/1.1" 200 0
INFO 2025-05-25 22:22:52,366 basehttp 14636 16736 "GET /api/profile/2/ HTTP/1.1" 200 351
INFO 2025-05-25 22:22:52,370 basehttp 14636 16736 "OPTIONS /api/tasks/?user_id=2 HTTP/1.1" 200 0
INFO 2025-05-25 22:22:52,375 basehttp 14636 16736 "GET /api/tasks/?user_id=2 HTTP/1.1" 200 2
INFO 2025-05-25 22:22:52,389 basehttp 14636 16736 "GET /projects/ HTTP/1.1" 200 845
WARNING 2025-05-25 22:22:52,405 log 14636 9304 Not Found: /media/None
WARNING 2025-05-25 22:22:52,406 basehttp 14636 9304 "GET /media/None HTTP/1.1" 404 5304
INFO 2025-05-25 22:22:56,244 basehttp 14636 16736 "GET /api/users/ HTTP/1.1" 200 1513
WARNING 2025-05-25 22:22:56,262 log 14636 15872 Not Found: /media/None
WARNING 2025-05-25 22:22:56,263 basehttp 14636 15872 "GET /media/None HTTP/1.1" 404 5304
INFO 2025-05-25 22:22:56,562 basehttp 14636 616 "GET /media/profile_photos/%D1%84%D0%BE%D1%82%D0%BE_2.jpg HTTP/1.1" 304 0
INFO 2025-05-25 22:22:57,746 basehttp 14636 16736 "GET /api/events/ HTTP/1.1" 200 152
INFO 2025-05-25 22:22:58,148 basehttp 14636 16736 "GET /api/events/ HTTP/1.1" 200 152
INFO 2025-05-25 22:22:58,157 basehttp 14636 16736 "GET /api/users/ HTTP/1.1" 200 1513
INFO 2025-05-25 22:22:58,689 basehttp 14636 16736 "GET /api/event/1/ HTTP/1.1" 200 150
INFO 2025-05-25 22:22:58,700 basehttp 14636 16736 "GET /api/users/ HTTP/1.1" 200 1513
INFO 2025-05-25 22:22:58,708 basehttp 14636 16736 "GET /projects/ HTTP/1.1" 200 845
INFO 2025-05-25 22:23:00,468 basehttp 14636 16736 "GET /api/users/ HTTP/1.1" 200 1513
INFO 2025-05-25 22:23:00,479 basehttp 14636 16736 "GET /api/profile/2/ HTTP/1.1" 200 351
INFO 2025-05-25 22:23:00,486 basehttp 14636 16736 "GET /api/tasks/?user_id=2 HTTP/1.1" 200 2
INFO 2025-05-25 22:23:00,494 basehttp 14636 16736 "GET /projects/ HTTP/1.1" 200 845
WARNING 2025-05-25 22:23:00,502 log 14636 616 Not Found: /media/None
WARNING 2025-05-25 22:23:00,502 basehttp 14636 616 "GET /media/None HTTP/1.1" 404 5304
INFO 2025-05-25 22:23:10,908 views 14636 16736 Начало обновления профиля для пользователя 2
INFO 2025-05-25 22:23:10,909 views 14636 16736 Полученные данные: <QueryDict: {'status': ['Заместитель председателя'], 'commission': ['По работе с партнерами'], 'date_of_birth': ['2005-09-25'], 'profile_photo': [<InMemoryUploadedFile: фото.jpg (image/jpeg)>]}>
INFO 2025-05-25 22:23:10,910 views 14636 16736 Полученные файлы: <MultiValueDict: {'profile_photo': [<InMemoryUploadedFile: фото.jpg (image/jpeg)>]}>
INFO 2025-05-25 22:23:10,911 views 14636 16736 Найден профиль: Анастасия_Потанина
INFO 2025-05-25 22:23:10,911 views 14636 16736 Путь к фото из запроса: None
INFO 2025-05-25 22:23:10,963 views 14636 16736 Профиль успешно обновлен: {'id': 2, 'user': 2, 'full_name': 'Потанина Анастасия Владиславовна', 'date_of_birth': '2005-09-25', 'commission': 'По работе с партнерами', 'profile_photo': '/media/profile_photos/%D1%84%D0%BE%D1%82%D0%BE.jpg', 'access_level': 1, 'status': 'Заместитель председателя', 'number_phone': '', 'email': '', 'adress': ''}
INFO 2025-05-25 22:23:10,964 basehttp 14636 16736 "PUT /api/profile/2/ HTTP/1.1" 200 366
INFO 2025-05-25 22:23:11,394 basehttp 14636 11312 "GET /media/profile_photos/%D1%84%D0%BE%D1%82%D0%BE.jpg HTTP/1.1" 200 56173
INFO 2025-05-25 22:23:16,586 views 14636 16736 Начало обновления профиля для пользователя 2
INFO 2025-05-25 22:23:16,593 views 14636 16736 Полученные данные: <QueryDict: {'status': ['Заместитель председателя'], 'commission': ['По работе с партнерами'], 'date_of_birth': ['2005-09-25'], 'profile_photo': [<InMemoryUploadedFile: фото 2.jpg (image/jpeg)>]}>
INFO 2025-05-25 22:23:16,593 views 14636 16736 Полученные файлы: <MultiValueDict: {'profile_photo': [<InMemoryUploadedFile: фото 2.jpg (image/jpeg)>]}>
INFO 2025-05-25 22:23:16,594 views 14636 16736 Найден профиль: Анастасия_Потанина
INFO 2025-05-25 22:23:16,595 views 14636 16736 Путь к фото из запроса: None
INFO 2025-05-25 22:23:16,603 views 14636 16736 Профиль успешно обновлен: {'id': 2, 'user': 2, 'full_name': 'Потанина Анастасия Владиславовна', 'date_of_birth': '2005-09-25', 'commission': 'По работе с партнерами', 'profile_photo': '/media/profile_photos/%D1%84%D0%BE%D1%82%D0%BE_2_RiyfXi5.jpg', 'access_level': 1, 'status': 'Заместитель председателя', 'number_phone': '', 'email': '', 'adress': ''}
INFO 2025-05-25 22:23:16,604 basehttp 14636 16736 "PUT /api/profile/2/ HTTP/1.1" 200 376
INFO 2025-05-25 22:23:16,649 basehttp 14636 11312 "GET /media/profile_photos/%D1%84%D0%BE%D1%82%D0%BE_2_RiyfXi5.jpg HTTP/1.1" 200 2398346
INFO 2025-05-25 22:23:23,630 basehttp 14636 16736 "GET /api/users/ HTTP/1.1" 200 1562
INFO 2025-05-25 22:23:23,655 basehttp 14636 16736 "GET /api/profile/2/ HTTP/1.1" 200 400
INFO 2025-05-25 22:23:23,665 basehttp 14636 16736 "GET /api/tasks/?user_id=2 HTTP/1.1" 200 2
INFO 2025-05-25 22:23:23,673 basehttp 14636 16736 "GET /projects/ HTTP/1.1" 200 845
INFO 2025-05-25 22:23:23,678 basehttp 14636 11312 "GET /media/profile_photos/%D1%84%D0%BE%D1%82%D0%BE_2_RiyfXi5.jpg HTTP/1.1" 304 0
INFO 2025-05-25 22:24:31,679 basehttp 14636 22084 "GET /api/users/ HTTP/1.1" 200 1562
INFO 2025-05-25 22:24:31,687 basehttp 14636 22084 "GET /api/profile/2/ HTTP/1.1" 200 400
INFO 2025-05-25 22:24:31,696 basehttp 14636 22084 "GET /api/tasks/?user_id=2 HTTP/1.1" 200 2
INFO 2025-05-25 22:24:31,709 basehttp 14636 22084 "GET /projects/ HTTP/1.1" 200 845
INFO 2025-05-25 22:24:32,863 basehttp 14636 22084 "GET /api/users/ HTTP/1.1" 200 1562
INFO 2025-05-25 22:24:32,876 basehttp 14636 22084 "GET /api/profile/2/ HTTP/1.1" 200 400
INFO 2025-05-25 22:24:32,885 basehttp 14636 22084 "GET /api/tasks/?user_id=2 HTTP/1.1" 200 2
INFO 2025-05-25 22:24:32,895 basehttp 14636 22084 "GET /projects/ HTTP/1.1" 200 845
INFO 2025-05-25 22:24:33,203 basehttp 14636 14576 "GET /media/profile_photos/%D1%84%D0%BE%D1%82%D0%BE_2_RiyfXi5.jpg HTTP/1.1" 304 0
INFO 2025-05-25 22:24:37,217 basehttp 14636 22084 "GET /api/events/ HTTP/1.1" 200 152
INFO 2025-05-25 22:24:38,590 basehttp 14636 22084 "GET /api/events/ HTTP/1.1" 200 152
INFO 2025-05-25 22:24:39,326 basehttp 14636 22084 "GET /api/event/1/ HTTP/1.1" 200 150
INFO 2025-05-25 22:24:39,338 basehttp 14636 22084 "GET /api/users/ HTTP/1.1" 200 1562
INFO 2025-05-25 22:24:39,347 basehttp 14636 22084 "GET /projects/ HTTP/1.1" 200 845
WARNING 2025-05-25 22:24:43,452 log 14636 22084 Forbidden: /api/event/1/
WARNING 2025-05-25 22:24:43,453 basehttp 14636 22084 "PUT /api/event/1/ HTTP/1.1" 403 25
WARNING 2025-05-25 22:24:46,436 log 14636 22084 Forbidden: /api/event/1/
WARNING 2025-05-25 22:24:46,436 basehttp 14636 22084 "PUT /api/event/1/ HTTP/1.1" 403 25
WARNING 2025-05-25 22:24:48,418 log 14636 22084 Forbidden: /api/event/1/
WARNING 2025-05-25 22:24:48,419 basehttp 14636 22084 "PUT /api/event/1/ HTTP/1.1" 403 25
INFO 2025-05-25 22:24:50,999 basehttp 14636 22084 "GET /api/event/1/ HTTP/1.1" 200 150
INFO 2025-05-25 22:24:51,011 basehttp 14636 22084 "GET /api/users/ HTTP/1.1" 200 1562
INFO 2025-05-25 22:24:51,020 basehttp 14636 22084 "GET /projects/ HTTP/1.1" 200 845
INFO 2025-05-25 22:24:52,942 basehttp 14636 22084 "GET /api/event/1/ HTTP/1.1" 200 150
INFO 2025-05-25 22:24:52,951 basehttp 14636 22084 "GET /api/users/ HTTP/1.1" 200 1562
INFO 2025-05-25 22:24:52,961 basehttp 14636 22084 "GET /projects/ HTTP/1.1" 200 845
INFO 2025-05-25 22:25:00,842 basehttp 14636 14576 "POST /token/ HTTP/1.1" 200 527
INFO 2025-05-25 22:25:00,950 basehttp 14636 22084 "GET /api/users/ HTTP/1.1" 200 1562
INFO 2025-05-25 22:25:00,970 basehttp 14636 22084 "GET /api/profile/1/ HTTP/1.1" 200 570
INFO 2025-05-25 22:25:00,976 basehttp 14636 22084 "GET /api/tasks/?user_id=1 HTTP/1.1" 200 2
INFO 2025-05-25 22:25:00,983 basehttp 14636 22084 "GET /projects/ HTTP/1.1" 200 845
INFO 2025-05-25 22:25:00,988 basehttp 14636 14576 "GET /media/profile_photos/%D1%84%D0%BE%D1%82%D0%BE_2.jpg HTTP/1.1" 304 0
INFO 2025-05-25 22:25:01,879 basehttp 14636 22084 "GET /api/event/1/ HTTP/1.1" 200 150
INFO 2025-05-25 22:25:01,890 basehttp 14636 22084 "GET /api/users/ HTTP/1.1" 200 1562
INFO 2025-05-25 22:25:01,898 basehttp 14636 22084 "GET /projects/ HTTP/1.1" 200 845
INFO 2025-05-25 22:25:04,626 basehttp 14636 22084 "PUT /api/event/1/ HTTP/1.1" 200 154
INFO 2025-05-25 22:25:07,170 basehttp 14636 22084 "GET /api/event/1/ HTTP/1.1" 200 154
INFO 2025-05-25 22:25:07,178 basehttp 14636 22084 "GET /api/users/ HTTP/1.1" 200 1562
INFO 2025-05-25 22:25:07,189 basehttp 14636 22084 "GET /projects/ HTTP/1.1" 200 845
INFO 2025-05-25 22:25:07,974 basehttp 14636 22084 "GET /api/users/ HTTP/1.1" 200 1562
INFO 2025-05-25 22:25:07,988 basehttp 14636 22084 "GET /api/profile/1/ HTTP/1.1" 200 574
INFO 2025-05-25 22:25:07,994 basehttp 14636 22084 "GET /api/tasks/?user_id=1 HTTP/1.1" 200 2
INFO 2025-05-25 22:25:08,000 basehttp 14636 22084 "GET /projects/ HTTP/1.1" 200 845
INFO 2025-05-25 22:25:30,153 basehttp 14636 22084 "OPTIONS /api/tasks/ HTTP/1.1" 200 0
INFO 2025-05-25 22:25:30,166 basehttp 14636 22084 "POST /api/tasks/ HTTP/1.1" 201 225
INFO 2025-05-25 22:25:32,668 basehttp 14636 22084 "GET /api/users/ HTTP/1.1" 200 1562
INFO 2025-05-25 22:25:32,705 basehttp 14636 22084 "GET /api/profile/1/ HTTP/1.1" 200 799
INFO 2025-05-25 22:25:32,711 basehttp 14636 22084 "GET /api/tasks/?user_id=1 HTTP/1.1" 200 2
INFO 2025-05-25 22:25:32,717 basehttp 14636 22084 "GET /projects/ HTTP/1.1" 200 845
INFO 2025-05-25 22:25:34,729 basehttp 14636 22084 "GET /api/users/ HTTP/1.1" 200 1562
INFO 2025-05-25 22:25:34,741 basehttp 14636 22084 "GET /api/profile/1/ HTTP/1.1" 200 799
INFO 2025-05-25 22:25:34,747 basehttp 14636 22084 "GET /api/tasks/?user_id=1 HTTP/1.1" 200 2
INFO 2025-05-25 22:25:34,753 basehttp 14636 22084 "GET /projects/ HTTP/1.1" 200 845
INFO 2025-05-25 22:25:44,592 basehttp 14636 22084 "GET /api/event/1/ HTTP/1.1" 200 379
INFO 2025-05-25 22:25:44,605 basehttp 14636 22084 "GET /api/users/ HTTP/1.1" 200 1562
INFO 2025-05-25 22:25:44,613 basehttp 14636 22084 "GET /projects/ HTTP/1.1" 200 845
INFO 2025-05-25 22:25:47,864 basehttp 14636 22084 "GET /api/events/ HTTP/1.1" 200 381
INFO 2025-05-25 22:25:48,674 basehttp 14636 22084 "GET /api/events/ HTTP/1.1" 200 381
INFO 2025-05-25 22:25:49,554 basehttp 14636 22084 "GET /api/users/ HTTP/1.1" 200 1562
INFO 2025-05-25 22:25:49,570 basehttp 14636 22084 "GET /api/profile/1/ HTTP/1.1" 200 799
INFO 2025-05-25 22:25:49,576 basehttp 14636 22084 "GET /api/tasks/?user_id=1 HTTP/1.1" 200 2
INFO 2025-05-25 22:25:49,584 basehttp 14636 22084 "GET /projects/ HTTP/1.1" 200 845
INFO 2025-05-25 22:25:50,830 basehttp 14636 22084 "GET /api/events/ HTTP/1.1" 200 381
INFO 2025-05-25 22:25:57,922 basehttp 14636 14576 "POST /token/ HTTP/1.1" 200 527
INFO 2025-05-25 22:25:58,040 basehttp 14636 22084 "GET /api/users/ HTTP/1.1" 200 1562
INFO 2025-05-25 22:25:58,057 basehttp 14636 22084 "GET /api/profile/2/ HTTP/1.1" 200 779
INFO 2025-05-25 22:25:58,063 basehttp 14636 22084 "GET /api/tasks/?user_id=2 HTTP/1.1" 200 227
INFO 2025-05-25 22:25:58,071 basehttp 14636 22084 "GET /projects/ HTTP/1.1" 200 845
INFO 2025-05-25 22:25:58,077 basehttp 14636 14576 "GET /media/profile_photos/%D1%84%D0%BE%D1%82%D0%BE_2_RiyfXi5.jpg HTTP/1.1" 304 0
INFO 2025-05-25 22:26:01,962 basehttp 14636 22084 "OPTIONS /api/tasks/1/ HTTP/1.1" 200 0
INFO 2025-05-25 22:26:01,975 basehttp 14636 22084 "PUT /api/tasks/1/ HTTP/1.1" 200 225
INFO 2025-05-25 22:26:05,634 basehttp 14636 22084 "PUT /api/tasks/1/ HTTP/1.1" 200 225
INFO 2025-05-25 22:26:14,166 basehttp 14636 22084 "PUT /api/tasks/1/ HTTP/1.1" 200 225
INFO 2025-05-25 22:26:15,776 basehttp 14636 22084 "GET /api/users/ HTTP/1.1" 200 1562
INFO 2025-05-25 22:26:15,812 basehttp 14636 22084 "GET /api/profile/2/ HTTP/1.1" 200 779
INFO 2025-05-25 22:26:15,817 basehttp 14636 22084 "GET /api/tasks/?user_id=2 HTTP/1.1" 200 227
INFO 2025-05-25 22:26:15,824 basehttp 14636 22084 "GET /projects/ HTTP/1.1" 200 845
INFO 2025-05-25 22:26:15,828 basehttp 14636 14576 "GET /media/profile_photos/%D1%84%D0%BE%D1%82%D0%BE_2_RiyfXi5.jpg HTTP/1.1" 304 0
INFO 2025-05-25 22:26:25,460 basehttp 14636 22084 "PUT /api/tasks/1/ HTTP/1.1" 200 225
INFO 2025-05-25 22:26:31,218 basehttp 14636 22084 "PUT /api/tasks/1/ HTTP/1.1" 200 225
INFO 2025-05-25 22:26:35,702 basehttp 14636 22084 "PUT /api/tasks/1/ HTTP/1.1" 200 225
INFO 2025-05-25 22:26:44,694 basehttp 14636 22084 "PUT /api/tasks/1/ HTTP/1.1" 200 225
INFO 2025-05-25 22:26:46,773 basehttp 14636 22084 "PUT /api/tasks/1/ HTTP/1.1" 200 225
INFO 2025-05-25 22:28:31,786 basehttp 14636 22084 "GET /api/events/ HTTP/1.1" 200 381
INFO 2025-05-25 22:28:31,796 basehttp 14636 22084 "GET /api/users/ HTTP/1.1" 200 1562
INFO 2025-05-25 22:28:32,311 basehttp 14636 22084 "GET /api/event/1/ HTTP/1.1" 200 379
INFO 2025-05-25 22:28:32,321 basehttp 14636 22084 "GET /api/users/ HTTP/1.1" 200 1562
INFO 2025-05-25 22:28:32,328 basehttp 14636 22084 "GET /projects/ HTTP/1.1" 200 845
INFO 2025-05-25 22:28:49,096 basehttp 14636 22084 "GET /api/event/1/ HTTP/1.1" 200 379
INFO 2025-05-25 22:28:49,103 basehttp 14636 22084 "GET /api/users/ HTTP/1.1" 200 1562
INFO 2025-05-25 22:28:49,113 basehttp 14636 22084 "GET /projects/ HTTP/1.1" 200 845
INFO 2025-05-25 22:29:08,303 basehttp 14636 22084 "GET /api/users/ HTTP/1.1" 200 1562
INFO 2025-05-25 22:29:08,318 basehttp 14636 22084 "GET /api/profile/2/ HTTP/1.1" 200 779
INFO 2025-05-25 22:29:08,324 basehttp 14636 22084 "GET /api/tasks/?user_id=2 HTTP/1.1" 200 227
INFO 2025-05-25 22:29:08,335 basehttp 14636 22084 "GET /projects/ HTTP/1.1" 200 845
INFO 2025-05-25 22:29:08,339 basehttp 14636 14576 "GET /media/profile_photos/%D1%84%D0%BE%D1%82%D0%BE_2_RiyfXi5.jpg HTTP/1.1" 304 0
INFO 2025-05-26 00:03:00,613 autoreload 21284 18064 Watching for file changes with StatReloader
INFO 2025-05-26 00:03:24,527 basehttp 21284 18248 "GET /projects/ HTTP/1.1" 200 12175
INFO 2025-05-26 00:03:24,772 basehttp 21284 18248 "GET /static/rest_framework/css/bootstrap.min.css HTTP/1.1" 200 121457
INFO 2025-05-26 00:03:24,794 basehttp 21284 11596 "GET /static/rest_framework/css/bootstrap-tweaks.css HTTP/1.1" 200 3426
INFO 2025-05-26 00:03:24,801 basehttp 21284 18248 "GET /static/rest_framework/js/csrf.js HTTP/1.1" 200 1793
INFO 2025-05-26 00:03:24,808 basehttp 21284 18188 "GET /static/rest_framework/css/prettify.css HTTP/1.1" 200 817
INFO 2025-05-26 00:03:24,824 basehttp 21284 18248 "GET /static/rest_framework/js/prettify-min.js HTTP/1.1" 200 13632
INFO 2025-05-26 00:03:24,825 basehttp 21284 11596 "GET /static/rest_framework/js/bootstrap.min.js HTTP/1.1" 200 39680
INFO 2025-05-26 00:03:24,826 basehttp 21284 18188 "GET /static/rest_framework/js/default.js HTTP/1.1" 200 1268
INFO 2025-05-26 00:03:24,828 basehttp 21284 12116 "GET /static/rest_framework/css/default.css HTTP/1.1" 200 1152
INFO 2025-05-26 00:03:24,829 basehttp 21284 2712 "GET /static/rest_framework/js/ajax-form.js HTTP/1.1" 200 3796
INFO 2025-05-26 00:03:24,835 basehttp 21284 2712 "GET /static/rest_framework/img/grid.png HTTP/1.1" 200 1458
INFO 2025-05-26 00:03:24,836 basehttp 21284 18248 "GET /static/rest_framework/js/load-ajax-form.js HTTP/1.1" 200 59
INFO 2025-05-26 00:03:24,863 basehttp 21284 18284 "GET /static/rest_framework/js/jquery-3.7.1.min.js HTTP/1.1" 200 87533
INFO 2025-05-26 00:03:42,032 basehttp 21284 10336 "POST /token/ HTTP/1.1" 200 527
INFO 2025-05-26 00:03:42,513 basehttp 21284 18852 "GET /api/users/ HTTP/1.1" 200 1562
INFO 2025-05-26 00:03:42,534 basehttp 21284 18852 "GET /api/profile/1/ HTTP/1.1" 200 799
INFO 2025-05-26 00:03:42,542 basehttp 21284 18852 "GET /api/tasks/?user_id=1 HTTP/1.1" 200 2
INFO 2025-05-26 00:03:42,549 basehttp 21284 18852 "GET /projects/ HTTP/1.1" 200 845
INFO 2025-05-26 00:03:42,559 basehttp 21284 10336 "GET /media/profile_photos/%D1%84%D0%BE%D1%82%D0%BE_2.jpg HTTP/1.1" 304 0
INFO 2025-05-26 00:03:43,921 basehttp 21284 18852 "GET /api/event/1/ HTTP/1.1" 200 379
INFO 2025-05-26 00:03:43,931 basehttp 21284 18852 "GET /api/users/ HTTP/1.1" 200 1562
INFO 2025-05-26 00:03:43,940 basehttp 21284 18852 "GET /projects/ HTTP/1.1" 200 845
INFO 2025-05-26 00:04:46,273 basehttp 21284 18284 "GET /projects/ HTTP/1.1" 200 12175
INFO 2025-05-26 00:04:54,522 basehttp 21284 18284 "GET /api/event/1 HTTP/1.1" 301 0
INFO 2025-05-26 00:04:54,615 basehttp 21284 18248 "GET /api/event/1/ HTTP/1.1" 200 13870
INFO 2025-05-26 00:07:50,550 basehttp 21284 18852 "OPTIONS /api/event/1/ HTTP/1.1" 200 0
INFO 2025-05-26 00:07:50,566 basehttp 21284 18852 "PUT /api/event/1/ HTTP/1.1" 200 378
INFO 2025-05-26 00:07:51,745 basehttp 21284 18852 "PUT /api/event/1/ HTTP/1.1" 200 379
INFO 2025-05-26 00:09:04,693 autoreload 21284 18064 D:\Codes\ProjectPrac\backend\djsite\user_account\models.py changed, reloading.
INFO 2025-05-26 00:09:05,682 autoreload 8156 10648 Watching for file changes with StatReloader
INFO 2025-05-26 00:09:18,304 autoreload 8156 10648 D:\Codes\ProjectPrac\backend\djsite\user_account\models.py changed, reloading.
INFO 2025-05-26 00:09:19,226 autoreload 16816 21652 Watching for file changes with StatReloader
INFO 2025-05-26 00:10:16,866 autoreload 16816 21652 D:\Codes\ProjectPrac\backend\djsite\user_account\models.py changed, reloading.
INFO 2025-05-26 00:10:17,772 autoreload 6372 2668 Watching for file changes with StatReloader
INFO 2025-05-26 00:10:23,951 autoreload 6372 2668 D:\Codes\ProjectPrac\backend\djsite\user_account\serializers.py changed, reloading.
INFO 2025-05-26 00:10:24,834 autoreload 17880 6300 Watching for file changes with StatReloader
ERROR 2025-05-26 00:10:40,851 log 17880 6364 Internal Server Error: /api/event/1/
Traceback (most recent call last):
  File "C:\Users\maksi\AppData\Local\Packages\PythonSoftwareFoundation.Python.3.12_qbz5n2kfra8p0\LocalCache\local-packages\Python312\site-packages\django\db\backends\utils.py", line 105, in _execute
    return self.cursor.execute(sql, params)
           ^^^^^^^^^^^^^^^^^^^^^^^^^^^^^^^^
  File "C:\Users\maksi\AppData\Local\Packages\PythonSoftwareFoundation.Python.3.12_qbz5n2kfra8p0\LocalCache\local-packages\Python312\site-packages\django\db\backends\sqlite3\base.py", line 354, in execute
    return super().execute(query, params)
           ^^^^^^^^^^^^^^^^^^^^^^^^^^^^^^
sqlite3.OperationalError: no such column: user_account_event.is_cancelled

The above exception was the direct cause of the following exception:

Traceback (most recent call last):
  File "C:\Users\maksi\AppData\Local\Packages\PythonSoftwareFoundation.Python.3.12_qbz5n2kfra8p0\LocalCache\local-packages\Python312\site-packages\django\core\handlers\exception.py", line 55, in inner
    response = get_response(request)
               ^^^^^^^^^^^^^^^^^^^^^
  File "C:\Users\maksi\AppData\Local\Packages\PythonSoftwareFoundation.Python.3.12_qbz5n2kfra8p0\LocalCache\local-packages\Python312\site-packages\django\core\handlers\base.py", line 197, in _get_response
    response = wrapped_callback(request, *callback_args, **callback_kwargs)
               ^^^^^^^^^^^^^^^^^^^^^^^^^^^^^^^^^^^^^^^^^^^^^^^^^^^^^^^^^^^^
  File "C:\Users\maksi\AppData\Local\Packages\PythonSoftwareFoundation.Python.3.12_qbz5n2kfra8p0\LocalCache\local-packages\Python312\site-packages\django\views\decorators\csrf.py", line 65, in _view_wrapper
    return view_func(request, *args, **kwargs)
           ^^^^^^^^^^^^^^^^^^^^^^^^^^^^^^^^^^^
  File "C:\Users\maksi\AppData\Local\Packages\PythonSoftwareFoundation.Python.3.12_qbz5n2kfra8p0\LocalCache\local-packages\Python312\site-packages\django\views\generic\base.py", line 104, in view
    return self.dispatch(request, *args, **kwargs)
           ^^^^^^^^^^^^^^^^^^^^^^^^^^^^^^^^^^^^^^^
  File "C:\Users\maksi\AppData\Local\Packages\PythonSoftwareFoundation.Python.3.12_qbz5n2kfra8p0\LocalCache\local-packages\Python312\site-packages\rest_framework\views.py", line 509, in dispatch
    response = self.handle_exception(exc)
               ^^^^^^^^^^^^^^^^^^^^^^^^^^
  File "C:\Users\maksi\AppData\Local\Packages\PythonSoftwareFoundation.Python.3.12_qbz5n2kfra8p0\LocalCache\local-packages\Python312\site-packages\rest_framework\views.py", line 469, in handle_exception
    self.raise_uncaught_exception(exc)
  File "C:\Users\maksi\AppData\Local\Packages\PythonSoftwareFoundation.Python.3.12_qbz5n2kfra8p0\LocalCache\local-packages\Python312\site-packages\rest_framework\views.py", line 480, in raise_uncaught_exception
    raise exc
  File "C:\Users\maksi\AppData\Local\Packages\PythonSoftwareFoundation.Python.3.12_qbz5n2kfra8p0\LocalCache\local-packages\Python312\site-packages\rest_framework\views.py", line 506, in dispatch
    response = handler(request, *args, **kwargs)
               ^^^^^^^^^^^^^^^^^^^^^^^^^^^^^^^^^
  File "D:\Codes\ProjectPrac\backend\djsite\user_account\views.py", line 190, in get
    event = Event.objects.get(id=event_id)
            ^^^^^^^^^^^^^^^^^^^^^^^^^^^^^^
  File "C:\Users\maksi\AppData\Local\Packages\PythonSoftwareFoundation.Python.3.12_qbz5n2kfra8p0\LocalCache\local-packages\Python312\site-packages\django\db\models\manager.py", line 87, in manager_method
    return getattr(self.get_queryset(), name)(*args, **kwargs)
           ^^^^^^^^^^^^^^^^^^^^^^^^^^^^^^^^^^^^^^^^^^^^^^^^^^^
  File "C:\Users\maksi\AppData\Local\Packages\PythonSoftwareFoundation.Python.3.12_qbz5n2kfra8p0\LocalCache\local-packages\Python312\site-packages\django\db\models\query.py", line 645, in get
    num = len(clone)
          ^^^^^^^^^^
  File "C:\Users\maksi\AppData\Local\Packages\PythonSoftwareFoundation.Python.3.12_qbz5n2kfra8p0\LocalCache\local-packages\Python312\site-packages\django\db\models\query.py", line 382, in __len__
    self._fetch_all()
  File "C:\Users\maksi\AppData\Local\Packages\PythonSoftwareFoundation.Python.3.12_qbz5n2kfra8p0\LocalCache\local-packages\Python312\site-packages\django\db\models\query.py", line 1928, in _fetch_all
    self._result_cache = list(self._iterable_class(self))
                         ^^^^^^^^^^^^^^^^^^^^^^^^^^^^^^^^
  File "C:\Users\maksi\AppData\Local\Packages\PythonSoftwareFoundation.Python.3.12_qbz5n2kfra8p0\LocalCache\local-packages\Python312\site-packages\django\db\models\query.py", line 91, in __iter__
    results = compiler.execute_sql(
              ^^^^^^^^^^^^^^^^^^^^^
  File "C:\Users\maksi\AppData\Local\Packages\PythonSoftwareFoundation.Python.3.12_qbz5n2kfra8p0\LocalCache\local-packages\Python312\site-packages\django\db\models\sql\compiler.py", line 1574, in execute_sql
    cursor.execute(sql, params)
  File "C:\Users\maksi\AppData\Local\Packages\PythonSoftwareFoundation.Python.3.12_qbz5n2kfra8p0\LocalCache\local-packages\Python312\site-packages\django\db\backends\utils.py", line 122, in execute
    return super().execute(sql, params)
           ^^^^^^^^^^^^^^^^^^^^^^^^^^^^
  File "C:\Users\maksi\AppData\Local\Packages\PythonSoftwareFoundation.Python.3.12_qbz5n2kfra8p0\LocalCache\local-packages\Python312\site-packages\django\db\backends\utils.py", line 79, in execute
    return self._execute_with_wrappers(
           ^^^^^^^^^^^^^^^^^^^^^^^^^^^^
  File "C:\Users\maksi\AppData\Local\Packages\PythonSoftwareFoundation.Python.3.12_qbz5n2kfra8p0\LocalCache\local-packages\Python312\site-packages\django\db\backends\utils.py", line 92, in _execute_with_wrappers
    return executor(sql, params, many, context)
           ^^^^^^^^^^^^^^^^^^^^^^^^^^^^^^^^^^^^
  File "C:\Users\maksi\AppData\Local\Packages\PythonSoftwareFoundation.Python.3.12_qbz5n2kfra8p0\LocalCache\local-packages\Python312\site-packages\django\db\backends\utils.py", line 100, in _execute
    with self.db.wrap_database_errors:
         ^^^^^^^^^^^^^^^^^^^^^^^^^^^^
  File "C:\Users\maksi\AppData\Local\Packages\PythonSoftwareFoundation.Python.3.12_qbz5n2kfra8p0\LocalCache\local-packages\Python312\site-packages\django\db\utils.py", line 91, in __exit__
    raise dj_exc_value.with_traceback(traceback) from exc_value
  File "C:\Users\maksi\AppData\Local\Packages\PythonSoftwareFoundation.Python.3.12_qbz5n2kfra8p0\LocalCache\local-packages\Python312\site-packages\django\db\backends\utils.py", line 105, in _execute
    return self.cursor.execute(sql, params)
           ^^^^^^^^^^^^^^^^^^^^^^^^^^^^^^^^
  File "C:\Users\maksi\AppData\Local\Packages\PythonSoftwareFoundation.Python.3.12_qbz5n2kfra8p0\LocalCache\local-packages\Python312\site-packages\django\db\backends\sqlite3\base.py", line 354, in execute
    return super().execute(query, params)
           ^^^^^^^^^^^^^^^^^^^^^^^^^^^^^^
django.db.utils.OperationalError: no such column: user_account_event.is_cancelled
ERROR 2025-05-26 00:10:40,859 basehttp 17880 6364 "GET /api/event/1/ HTTP/1.1" 500 175577
INFO 2025-05-26 00:11:05,220 autoreload 17360 12056 Watching for file changes with StatReloader
INFO 2025-05-26 00:11:13,602 basehttp 17360 14752 "GET /api/event/1/ HTTP/1.1" 200 400
INFO 2025-05-26 00:11:13,608 basehttp 17360 14752 "OPTIONS /api/users/ HTTP/1.1" 200 0
INFO 2025-05-26 00:11:13,614 basehttp 17360 14752 "GET /api/users/ HTTP/1.1" 200 1562
INFO 2025-05-26 00:11:13,617 basehttp 17360 14752 "OPTIONS /projects/ HTTP/1.1" 200 0
INFO 2025-05-26 00:11:13,625 basehttp 17360 14752 "GET /projects/ HTTP/1.1" 200 845
INFO 2025-05-26 00:11:15,182 basehttp 17360 14752 "PUT /api/event/1/ HTTP/1.1" 200 400
INFO 2025-05-26 00:11:16,717 basehttp 17360 14752 "PUT /api/event/1/ HTTP/1.1" 200 399
INFO 2025-05-26 00:11:18,389 basehttp 17360 14752 "PUT /api/event/1/ HTTP/1.1" 200 400
INFO 2025-05-26 00:11:19,367 basehttp 17360 14752 "PUT /api/event/1/ HTTP/1.1" 200 400
INFO 2025-05-26 00:11:20,114 basehttp 17360 14752 "PUT /api/event/1/ HTTP/1.1" 200 400
INFO 2025-05-26 00:11:20,335 basehttp 17360 14752 "PUT /api/event/1/ HTTP/1.1" 200 400
INFO 2025-05-26 00:11:24,999 basehttp 17360 14752 "PUT /api/event/1/ HTTP/1.1" 200 400
INFO 2025-05-26 00:11:25,225 basehttp 17360 14752 "PUT /api/event/1/ HTTP/1.1" 200 400
INFO 2025-05-26 00:11:29,881 basehttp 17360 14752 "GET /api/event/1/ HTTP/1.1" 200 400
INFO 2025-05-26 00:11:29,894 basehttp 17360 14752 "GET /api/users/ HTTP/1.1" 200 1562
INFO 2025-05-26 00:11:29,903 basehttp 17360 14752 "GET /projects/ HTTP/1.1" 200 845
INFO 2025-05-26 00:11:31,770 basehttp 17360 14752 "OPTIONS /api/events/ HTTP/1.1" 200 0
INFO 2025-05-26 00:11:31,777 basehttp 17360 14752 "GET /api/events/ HTTP/1.1" 200 402
INFO 2025-05-26 00:11:31,788 basehttp 17360 14752 "GET /api/users/ HTTP/1.1" 200 1562
INFO 2025-05-26 00:11:32,785 basehttp 17360 14752 "GET /api/events/ HTTP/1.1" 200 402
INFO 2025-05-26 00:11:32,794 basehttp 17360 14752 "GET /api/users/ HTTP/1.1" 200 1562
INFO 2025-05-26 00:11:34,119 basehttp 17360 14752 "GET /api/events/ HTTP/1.1" 200 402
INFO 2025-05-26 00:11:34,124 basehttp 17360 14752 "GET /api/users/ HTTP/1.1" 200 1562
INFO 2025-05-26 00:11:34,705 basehttp 17360 14752 "GET /api/events/ HTTP/1.1" 200 402
INFO 2025-05-26 00:11:34,713 basehttp 17360 14752 "GET /api/users/ HTTP/1.1" 200 1562
INFO 2025-05-26 00:11:35,196 basehttp 17360 14752 "GET /api/event/1/ HTTP/1.1" 200 400
INFO 2025-05-26 00:11:35,201 basehttp 17360 14752 "GET /api/users/ HTTP/1.1" 200 1562
INFO 2025-05-26 00:11:35,213 basehttp 17360 14752 "GET /projects/ HTTP/1.1" 200 845
INFO 2025-05-26 00:11:36,191 basehttp 17360 14752 "PUT /api/event/1/ HTTP/1.1" 200 400
INFO 2025-05-26 00:11:37,855 basehttp 17360 14752 "GET /api/events/ HTTP/1.1" 200 402
INFO 2025-05-26 00:11:37,860 basehttp 17360 14752 "GET /api/users/ HTTP/1.1" 200 1562
INFO 2025-05-26 00:11:45,396 basehttp 17360 14752 "GET /api/events/ HTTP/1.1" 200 402
INFO 2025-05-26 00:11:45,404 basehttp 17360 14752 "GET /api/users/ HTTP/1.1" 200 1562
INFO 2025-05-26 00:11:46,290 basehttp 17360 14752 "GET /api/event/1/ HTTP/1.1" 200 400
INFO 2025-05-26 00:11:46,300 basehttp 17360 14752 "GET /api/users/ HTTP/1.1" 200 1562
INFO 2025-05-26 00:11:46,307 basehttp 17360 14752 "GET /projects/ HTTP/1.1" 200 845
INFO 2025-05-26 00:12:21,416 basehttp 17360 14752 "GET /api/events/ HTTP/1.1" 200 402
INFO 2025-05-26 00:12:21,423 basehttp 17360 14752 "GET /api/users/ HTTP/1.1" 200 1562
INFO 2025-05-26 00:12:24,391 basehttp 17360 14752 "GET /api/event/1/ HTTP/1.1" 200 400
INFO 2025-05-26 00:12:24,402 basehttp 17360 14752 "GET /api/users/ HTTP/1.1" 200 1562
INFO 2025-05-26 00:12:24,409 basehttp 17360 14752 "GET /projects/ HTTP/1.1" 200 845
INFO 2025-05-26 00:13:19,490 basehttp 17360 14752 "PUT /api/event/1/ HTTP/1.1" 200 400
INFO 2025-05-26 00:14:05,884 basehttp 17360 6184 "GET /api/event/1/ HTTP/1.1" 200 13907
INFO 2025-05-26 00:14:09,175 basehttp 17360 14752 "PUT /api/event/1/ HTTP/1.1" 200 400
INFO 2025-05-26 00:14:10,970 basehttp 17360 6184 "GET /api/event/1/ HTTP/1.1" 200 13907
INFO 2025-05-26 00:15:12,107 basehttp 17360 14752 "PUT /api/event/1/ HTTP/1.1" 200 399
INFO 2025-05-26 00:15:13,249 basehttp 17360 6184 "GET /api/event/1/ HTTP/1.1" 200 13906
INFO 2025-05-26 00:15:38,366 basehttp 17360 14752 "GET /api/event/1/ HTTP/1.1" 200 399
INFO 2025-05-26 00:15:38,372 basehttp 17360 14752 "GET /api/users/ HTTP/1.1" 200 1562
INFO 2025-05-26 00:15:38,381 basehttp 17360 14752 "GET /projects/ HTTP/1.1" 200 845
INFO 2025-05-26 00:15:43,244 basehttp 17360 14752 "GET /api/events/ HTTP/1.1" 200 401
INFO 2025-05-26 00:15:43,250 basehttp 17360 14752 "GET /api/users/ HTTP/1.1" 200 1562
INFO 2025-05-26 00:15:45,004 basehttp 17360 14752 "GET /api/events/ HTTP/1.1" 200 401
INFO 2025-05-26 00:15:45,013 basehttp 17360 14752 "GET /api/users/ HTTP/1.1" 200 1562
INFO 2025-05-26 00:15:45,793 basehttp 17360 14752 "GET /api/event/1/ HTTP/1.1" 200 399
INFO 2025-05-26 00:15:45,803 basehttp 17360 14752 "GET /api/users/ HTTP/1.1" 200 1562
INFO 2025-05-26 00:15:45,810 basehttp 17360 14752 "GET /projects/ HTTP/1.1" 200 845
INFO 2025-05-26 00:15:46,356 basehttp 17360 14752 "GET /api/event/1/ HTTP/1.1" 200 399
INFO 2025-05-26 00:15:46,365 basehttp 17360 14752 "GET /api/users/ HTTP/1.1" 200 1562
INFO 2025-05-26 00:15:46,373 basehttp 17360 14752 "GET /projects/ HTTP/1.1" 200 845
INFO 2025-05-26 00:15:48,322 basehttp 17360 6184 "GET /api/event/1/ HTTP/1.1" 200 13906
INFO 2025-05-26 00:15:49,912 basehttp 17360 14752 "PUT /api/event/1/ HTTP/1.1" 200 400
INFO 2025-05-26 00:15:51,362 basehttp 17360 14752 "GET /api/events/ HTTP/1.1" 200 402
INFO 2025-05-26 00:15:51,370 basehttp 17360 14752 "GET /api/users/ HTTP/1.1" 200 1562
INFO 2025-05-26 00:15:52,049 basehttp 17360 14752 "GET /api/event/1/ HTTP/1.1" 200 400
INFO 2025-05-26 00:15:52,058 basehttp 17360 14752 "GET /api/users/ HTTP/1.1" 200 1562
INFO 2025-05-26 00:15:52,068 basehttp 17360 14752 "GET /projects/ HTTP/1.1" 200 845
INFO 2025-05-26 00:15:52,979 basehttp 17360 14752 "PUT /api/event/1/ HTTP/1.1" 200 399
INFO 2025-05-26 00:15:55,156 basehttp 17360 14752 "GET /api/events/ HTTP/1.1" 200 401
INFO 2025-05-26 00:15:55,167 basehttp 17360 14752 "GET /api/users/ HTTP/1.1" 200 1562
INFO 2025-05-26 00:15:56,196 basehttp 17360 14752 "GET /api/events/ HTTP/1.1" 200 401
INFO 2025-05-26 00:15:56,204 basehttp 17360 14752 "GET /api/users/ HTTP/1.1" 200 1562
INFO 2025-05-26 00:16:20,112 basehttp 17360 14752 "GET /api/events/ HTTP/1.1" 200 401
INFO 2025-05-26 00:16:20,121 basehttp 17360 14752 "GET /api/users/ HTTP/1.1" 200 1562
INFO 2025-05-26 00:16:20,922 basehttp 17360 14752 "GET /api/event/1/ HTTP/1.1" 200 399
INFO 2025-05-26 00:16:20,933 basehttp 17360 14752 "GET /api/users/ HTTP/1.1" 200 1562
INFO 2025-05-26 00:16:20,940 basehttp 17360 14752 "GET /projects/ HTTP/1.1" 200 845
INFO 2025-05-26 00:17:56,871 basehttp 17360 14752 "GET /api/event/1/ HTTP/1.1" 200 399
INFO 2025-05-26 00:17:56,884 basehttp 17360 14752 "GET /api/users/ HTTP/1.1" 200 1562
INFO 2025-05-26 00:17:56,893 basehttp 17360 14752 "GET /projects/ HTTP/1.1" 200 845
INFO 2025-05-26 00:17:58,084 basehttp 17360 14752 "PUT /api/event/1/ HTTP/1.1" 200 400
INFO 2025-05-26 00:17:59,373 basehttp 17360 14752 "PUT /api/event/1/ HTTP/1.1" 200 399
INFO 2025-05-26 00:18:00,208 basehttp 17360 14752 "PUT /api/event/1/ HTTP/1.1" 200 400
INFO 2025-05-26 00:18:00,909 basehttp 17360 14752 "PUT /api/event/1/ HTTP/1.1" 200 399
INFO 2025-05-26 00:18:02,477 basehttp 17360 14752 "GET /api/events/ HTTP/1.1" 200 401
INFO 2025-05-26 00:18:02,486 basehttp 17360 14752 "GET /api/users/ HTTP/1.1" 200 1562
INFO 2025-05-26 00:18:03,186 basehttp 17360 14752 "GET /api/events/ HTTP/1.1" 200 401
INFO 2025-05-26 00:18:03,198 basehttp 17360 14752 "GET /api/users/ HTTP/1.1" 200 1562
INFO 2025-05-26 00:18:03,783 basehttp 17360 14752 "GET /api/events/ HTTP/1.1" 200 401
INFO 2025-05-26 00:18:03,789 basehttp 17360 14752 "GET /api/users/ HTTP/1.1" 200 1562
INFO 2025-05-26 00:18:04,754 basehttp 17360 14752 "GET /api/events/ HTTP/1.1" 200 401
INFO 2025-05-26 00:18:04,763 basehttp 17360 14752 "GET /api/users/ HTTP/1.1" 200 1562
INFO 2025-05-26 00:18:05,283 basehttp 17360 14752 "GET /api/event/1/ HTTP/1.1" 200 399
INFO 2025-05-26 00:18:05,292 basehttp 17360 14752 "GET /api/users/ HTTP/1.1" 200 1562
INFO 2025-05-26 00:18:05,301 basehttp 17360 14752 "GET /projects/ HTTP/1.1" 200 845
INFO 2025-05-26 00:18:06,297 basehttp 17360 14752 "PUT /api/event/1/ HTTP/1.1" 200 400
INFO 2025-05-26 00:18:07,464 basehttp 17360 14752 "GET /api/events/ HTTP/1.1" 200 402
INFO 2025-05-26 00:18:07,476 basehttp 17360 14752 "GET /api/users/ HTTP/1.1" 200 1562
INFO 2025-05-26 00:18:08,016 basehttp 17360 14752 "GET /api/event/1/ HTTP/1.1" 200 400
INFO 2025-05-26 00:18:08,025 basehttp 17360 14752 "GET /api/users/ HTTP/1.1" 200 1562
INFO 2025-05-26 00:18:08,033 basehttp 17360 14752 "GET /projects/ HTTP/1.1" 200 845
INFO 2025-05-26 00:19:05,356 basehttp 17360 14752 "GET /api/event/1/ HTTP/1.1" 200 400
INFO 2025-05-26 00:19:05,364 basehttp 17360 14752 "GET /api/users/ HTTP/1.1" 200 1562
INFO 2025-05-26 00:19:05,372 basehttp 17360 14752 "GET /projects/ HTTP/1.1" 200 845
INFO 2025-05-26 00:19:07,267 basehttp 17360 14752 "GET /api/event/1/ HTTP/1.1" 200 400
INFO 2025-05-26 00:19:07,279 basehttp 17360 14752 "GET /api/users/ HTTP/1.1" 200 1562
INFO 2025-05-26 00:19:07,287 basehttp 17360 14752 "GET /projects/ HTTP/1.1" 200 845
INFO 2025-05-26 00:19:08,310 basehttp 17360 14752 "PUT /api/event/1/ HTTP/1.1" 200 400
INFO 2025-05-26 00:19:09,084 basehttp 17360 14752 "PUT /api/event/1/ HTTP/1.1" 200 400
INFO 2025-05-26 00:19:12,353 basehttp 17360 14752 "PUT /api/event/1/ HTTP/1.1" 200 400
INFO 2025-05-26 00:19:14,740 basehttp 17360 6184 "GET /api/event/1/ HTTP/1.1" 200 13907
INFO 2025-05-26 00:19:15,562 basehttp 17360 6184 "GET /api/event/1/ HTTP/1.1" 200 13907
INFO 2025-05-26 00:19:17,035 basehttp 17360 14752 "PUT /api/event/1/ HTTP/1.1" 200 400
INFO 2025-05-26 00:19:17,365 basehttp 17360 14752 "GET /api/event/1/ HTTP/1.1" 200 400
INFO 2025-05-26 00:19:17,377 basehttp 17360 14752 "GET /api/users/ HTTP/1.1" 200 1562
INFO 2025-05-26 00:19:17,386 basehttp 17360 14752 "GET /projects/ HTTP/1.1" 200 845
INFO 2025-05-26 00:19:20,345 basehttp 17360 14752 "PUT /api/event/1/ HTTP/1.1" 200 400
INFO 2025-05-26 00:19:21,250 basehttp 17360 14752 "GET /api/event/1/ HTTP/1.1" 200 400
INFO 2025-05-26 00:19:21,265 basehttp 17360 14752 "GET /api/users/ HTTP/1.1" 200 1562
INFO 2025-05-26 00:19:21,277 basehttp 17360 14752 "GET /projects/ HTTP/1.1" 200 845
INFO 2025-05-26 00:19:38,233 basehttp 17360 14752 "GET /api/event/1/ HTTP/1.1" 200 400
INFO 2025-05-26 00:19:38,241 basehttp 17360 14752 "GET /api/users/ HTTP/1.1" 200 1562
INFO 2025-05-26 00:19:38,249 basehttp 17360 14752 "GET /projects/ HTTP/1.1" 200 845
INFO 2025-05-26 00:19:39,651 basehttp 17360 14752 "GET /api/event/1/ HTTP/1.1" 200 400
INFO 2025-05-26 00:19:39,661 basehttp 17360 14752 "GET /api/users/ HTTP/1.1" 200 1562
INFO 2025-05-26 00:19:39,672 basehttp 17360 14752 "GET /projects/ HTTP/1.1" 200 845
INFO 2025-05-26 00:19:40,469 basehttp 17360 14752 "PUT /api/event/1/ HTTP/1.1" 200 400
INFO 2025-05-26 00:19:41,064 basehttp 17360 14752 "PUT /api/event/1/ HTTP/1.1" 200 400
INFO 2025-05-26 00:19:41,203 basehttp 17360 14752 "PUT /api/event/1/ HTTP/1.1" 200 400
INFO 2025-05-26 00:19:41,424 basehttp 17360 14752 "PUT /api/event/1/ HTTP/1.1" 200 400
INFO 2025-05-26 00:19:45,348 basehttp 17360 6184 "GET /api/event/1/ HTTP/1.1" 200 13907
INFO 2025-05-26 00:19:46,042 basehttp 17360 6184 "GET /api/event/1/ HTTP/1.1" 200 13907
INFO 2025-05-26 00:20:13,354 basehttp 17360 14752 "GET /api/event/1/ HTTP/1.1" 200 400
INFO 2025-05-26 00:20:13,371 basehttp 17360 14752 "GET /api/users/ HTTP/1.1" 200 1562
INFO 2025-05-26 00:20:13,384 basehttp 17360 14752 "GET /projects/ HTTP/1.1" 200 845
INFO 2025-05-26 00:20:17,048 basehttp 17360 14752 "GET /api/event/1/ HTTP/1.1" 200 400
INFO 2025-05-26 00:20:17,058 basehttp 17360 14752 "GET /api/users/ HTTP/1.1" 200 1562
INFO 2025-05-26 00:20:17,072 basehttp 17360 14752 "GET /projects/ HTTP/1.1" 200 845
INFO 2025-05-26 00:20:18,134 basehttp 17360 14752 "PUT /api/event/1/ HTTP/1.1" 200 399
INFO 2025-05-26 00:20:19,949 basehttp 17360 14752 "GET /api/events/ HTTP/1.1" 200 401
INFO 2025-05-26 00:20:19,963 basehttp 17360 14752 "GET /api/users/ HTTP/1.1" 200 1562
INFO 2025-05-26 00:20:20,927 basehttp 17360 14752 "GET /api/event/1/ HTTP/1.1" 200 399
INFO 2025-05-26 00:20:20,934 basehttp 17360 14752 "GET /api/users/ HTTP/1.1" 200 1562
INFO 2025-05-26 00:20:20,946 basehttp 17360 14752 "GET /projects/ HTTP/1.1" 200 845
INFO 2025-05-26 00:20:22,503 basehttp 17360 14752 "PUT /api/event/1/ HTTP/1.1" 200 400
INFO 2025-05-26 00:20:23,795 basehttp 17360 14752 "GET /api/events/ HTTP/1.1" 200 402
INFO 2025-05-26 00:20:23,803 basehttp 17360 14752 "GET /api/users/ HTTP/1.1" 200 1562
INFO 2025-05-26 00:20:24,671 basehttp 17360 14752 "GET /api/event/1/ HTTP/1.1" 200 400
INFO 2025-05-26 00:20:24,682 basehttp 17360 14752 "GET /api/users/ HTTP/1.1" 200 1562
INFO 2025-05-26 00:20:24,690 basehttp 17360 14752 "GET /projects/ HTTP/1.1" 200 845
INFO 2025-05-26 00:20:40,537 basehttp 17360 14752 "PUT /api/event/1/ HTTP/1.1" 200 399
INFO 2025-05-26 00:20:41,338 basehttp 17360 14752 "PUT /api/event/1/ HTTP/1.1" 200 400
INFO 2025-05-26 00:20:42,034 basehttp 17360 14752 "PUT /api/event/1/ HTTP/1.1" 200 399
INFO 2025-05-26 00:20:42,895 basehttp 17360 14752 "PUT /api/event/1/ HTTP/1.1" 200 400
INFO 2025-05-26 00:21:17,371 basehttp 17360 14752 "GET /api/event/1/ HTTP/1.1" 200 400
INFO 2025-05-26 00:21:17,384 basehttp 17360 14752 "GET /api/users/ HTTP/1.1" 200 1562
INFO 2025-05-26 00:21:17,390 basehttp 17360 14752 "GET /projects/ HTTP/1.1" 200 845
INFO 2025-05-26 00:21:21,909 basehttp 17360 14752 "GET /api/event/1/ HTTP/1.1" 200 400
INFO 2025-05-26 00:21:21,918 basehttp 17360 14752 "GET /api/users/ HTTP/1.1" 200 1562
INFO 2025-05-26 00:21:21,927 basehttp 17360 14752 "GET /projects/ HTTP/1.1" 200 845
INFO 2025-05-26 00:21:23,343 basehttp 17360 14752 "PUT /api/event/1/ HTTP/1.1" 200 399
INFO 2025-05-26 00:21:24,081 basehttp 17360 14752 "PUT /api/event/1/ HTTP/1.1" 200 400
INFO 2025-05-26 00:21:24,539 basehttp 17360 14752 "PUT /api/event/1/ HTTP/1.1" 200 399
INFO 2025-05-26 00:21:24,955 basehttp 17360 14752 "PUT /api/event/1/ HTTP/1.1" 200 400
INFO 2025-05-26 00:21:36,165 basehttp 17360 14752 "PUT /api/event/1/ HTTP/1.1" 200 399
INFO 2025-05-26 00:21:36,869 basehttp 17360 14752 "GET /api/event/1/ HTTP/1.1" 200 399
INFO 2025-05-26 00:21:36,886 basehttp 17360 14752 "GET /api/users/ HTTP/1.1" 200 1562
INFO 2025-05-26 00:21:36,894 basehttp 17360 14752 "GET /projects/ HTTP/1.1" 200 845
INFO 2025-05-26 00:21:38,068 basehttp 17360 6184 "GET /api/event/1/ HTTP/1.1" 200 13906
INFO 2025-05-26 00:21:40,404 basehttp 17360 14752 "PUT /api/event/1/ HTTP/1.1" 200 400
INFO 2025-05-26 00:21:40,763 basehttp 17360 14752 "GET /api/event/1/ HTTP/1.1" 200 400
INFO 2025-05-26 00:21:40,788 basehttp 17360 14752 "GET /api/users/ HTTP/1.1" 200 1562
INFO 2025-05-26 00:21:40,795 basehttp 17360 14752 "GET /projects/ HTTP/1.1" 200 845
INFO 2025-05-26 00:21:43,670 basehttp 17360 6184 "GET /api/event/1/ HTTP/1.1" 200 13907
INFO 2025-05-26 00:22:05,350 basehttp 17360 14752 "GET /api/event/1/ HTTP/1.1" 200 400
INFO 2025-05-26 00:22:05,366 basehttp 17360 14752 "GET /api/users/ HTTP/1.1" 200 1562
INFO 2025-05-26 00:22:05,374 basehttp 17360 14752 "GET /projects/ HTTP/1.1" 200 845
INFO 2025-05-26 00:22:11,831 basehttp 17360 6184 "GET /api/event/1/ HTTP/1.1" 200 13907
INFO 2025-05-26 00:22:13,747 basehttp 17360 14752 "GET /api/event/1/ HTTP/1.1" 200 400
INFO 2025-05-26 00:22:13,755 basehttp 17360 14752 "GET /api/users/ HTTP/1.1" 200 1562
INFO 2025-05-26 00:22:13,768 basehttp 17360 14752 "GET /projects/ HTTP/1.1" 200 845
INFO 2025-05-26 00:22:14,376 basehttp 17360 14752 "PUT /api/event/1/ HTTP/1.1" 200 398
INFO 2025-05-26 00:22:17,351 basehttp 17360 14752 "GET /api/event/1/ HTTP/1.1" 200 398
INFO 2025-05-26 00:22:17,361 basehttp 17360 14752 "GET /api/users/ HTTP/1.1" 200 1562
INFO 2025-05-26 00:22:17,368 basehttp 17360 14752 "GET /projects/ HTTP/1.1" 200 845
INFO 2025-05-26 00:22:19,407 basehttp 17360 14752 "GET /api/events/ HTTP/1.1" 200 400
INFO 2025-05-26 00:22:19,415 basehttp 17360 14752 "GET /api/users/ HTTP/1.1" 200 1562
INFO 2025-05-26 00:22:20,708 basehttp 17360 14752 "GET /api/events/ HTTP/1.1" 200 400
INFO 2025-05-26 00:22:20,714 basehttp 17360 14752 "GET /api/users/ HTTP/1.1" 200 1562
INFO 2025-05-26 00:22:21,370 basehttp 17360 14752 "GET /api/events/ HTTP/1.1" 200 400
INFO 2025-05-26 00:22:21,378 basehttp 17360 14752 "GET /api/users/ HTTP/1.1" 200 1562
INFO 2025-05-26 00:22:21,862 basehttp 17360 14752 "GET /api/event/1/ HTTP/1.1" 200 398
INFO 2025-05-26 00:22:21,874 basehttp 17360 14752 "GET /api/users/ HTTP/1.1" 200 1562
INFO 2025-05-26 00:22:21,882 basehttp 17360 14752 "GET /projects/ HTTP/1.1" 200 845
INFO 2025-05-26 00:22:22,754 basehttp 17360 14752 "PUT /api/event/1/ HTTP/1.1" 200 400
INFO 2025-05-26 00:22:25,111 basehttp 17360 14752 "GET /api/events/ HTTP/1.1" 200 402
INFO 2025-05-26 00:22:25,122 basehttp 17360 14752 "GET /api/users/ HTTP/1.1" 200 1562
INFO 2025-05-26 00:22:25,788 basehttp 17360 14752 "GET /api/event/1/ HTTP/1.1" 200 400
INFO 2025-05-26 00:22:25,801 basehttp 17360 14752 "GET /api/users/ HTTP/1.1" 200 1562
INFO 2025-05-26 00:22:25,808 basehttp 17360 14752 "GET /projects/ HTTP/1.1" 200 845
INFO 2025-05-26 00:22:26,647 basehttp 17360 14752 "PUT /api/event/1/ HTTP/1.1" 200 398
INFO 2025-05-26 00:22:27,564 basehttp 17360 14752 "PUT /api/event/1/ HTTP/1.1" 200 400
INFO 2025-05-26 00:22:30,176 basehttp 17360 14752 "PUT /api/event/1/ HTTP/1.1" 200 398
INFO 2025-05-26 00:22:35,135 basehttp 17360 14752 "PUT /api/event/1/ HTTP/1.1" 200 400
INFO 2025-05-26 00:22:56,345 basehttp 17360 14752 "GET /api/event/1/ HTTP/1.1" 200 400
INFO 2025-05-26 00:22:56,369 basehttp 17360 14752 "GET /api/users/ HTTP/1.1" 200 1562
INFO 2025-05-26 00:22:56,379 basehttp 17360 14752 "GET /projects/ HTTP/1.1" 200 845
INFO 2025-05-26 00:22:57,429 basehttp 17360 14752 "PUT /api/event/1/ HTTP/1.1" 200 398
INFO 2025-05-26 00:22:58,415 basehttp 17360 14752 "GET /api/event/1/ HTTP/1.1" 200 398
INFO 2025-05-26 00:22:58,424 basehttp 17360 14752 "GET /api/users/ HTTP/1.1" 200 1562
INFO 2025-05-26 00:22:58,432 basehttp 17360 14752 "GET /projects/ HTTP/1.1" 200 845
INFO 2025-05-26 00:29:25,405 autoreload 22144 17988 Watching for file changes with StatReloader
INFO 2025-05-26 00:29:39,668 basehttp 22144 2892 "GET /api/event/1/ HTTP/1.1" 200 398
INFO 2025-05-26 00:29:39,675 basehttp 22144 2892 "GET /api/users/ HTTP/1.1" 200 1562
INFO 2025-05-26 00:29:39,687 basehttp 22144 2892 "GET /projects/ HTTP/1.1" 200 845
INFO 2025-05-26 00:29:40,951 basehttp 22144 2892 "PUT /api/event/1/ HTTP/1.1" 200 400
INFO 2025-05-26 00:29:42,384 basehttp 22144 2892 "PUT /api/event/1/ HTTP/1.1" 200 399
INFO 2025-05-26 00:29:43,189 basehttp 22144 2892 "PUT /api/event/1/ HTTP/1.1" 200 400
INFO 2025-05-26 00:29:51,262 basehttp 22144 2892 "GET /api/event/1/ HTTP/1.1" 200 400
INFO 2025-05-26 00:29:51,272 basehttp 22144 2892 "GET /api/users/ HTTP/1.1" 200 1562
INFO 2025-05-26 00:29:51,279 basehttp 22144 2892 "GET /projects/ HTTP/1.1" 200 845
INFO 2025-05-26 00:31:07,490 basehttp 22144 2892 "GET /api/event/1/ HTTP/1.1" 200 400
INFO 2025-05-26 00:31:07,512 basehttp 22144 2892 "GET /api/users/ HTTP/1.1" 200 1562
INFO 2025-05-26 00:31:07,524 basehttp 22144 2892 "GET /projects/ HTTP/1.1" 200 845
INFO 2025-05-26 00:31:08,308 basehttp 22144 2892 "PUT /api/event/1/ HTTP/1.1" 200 398
INFO 2025-05-26 00:31:09,775 basehttp 22144 2892 "GET /api/events/ HTTP/1.1" 200 400
INFO 2025-05-26 00:31:09,780 basehttp 22144 2892 "GET /api/users/ HTTP/1.1" 200 1562
INFO 2025-05-26 00:31:10,734 basehttp 22144 2892 "GET /api/event/1/ HTTP/1.1" 200 398
INFO 2025-05-26 00:31:10,743 basehttp 22144 2892 "GET /api/users/ HTTP/1.1" 200 1562
INFO 2025-05-26 00:31:10,751 basehttp 22144 2892 "GET /projects/ HTTP/1.1" 200 845
INFO 2025-05-26 00:31:11,333 basehttp 22144 2892 "GET /api/events/ HTTP/1.1" 200 400
INFO 2025-05-26 00:31:11,346 basehttp 22144 2892 "GET /api/users/ HTTP/1.1" 200 1562
INFO 2025-05-26 00:31:12,552 basehttp 22144 2892 "GET /api/events/ HTTP/1.1" 200 400
INFO 2025-05-26 00:31:12,561 basehttp 22144 2892 "GET /api/users/ HTTP/1.1" 200 1562
